# JRE version: Java(TM) SE Runtime Environment (8.0_91-b15) (build 1.8.0_91-b15)
# Java VM: Java HotSpot(TM) 64-Bit Server VM (25.91-b15 mixed mode windows-amd64 compressed oops)
Heap:
 PSYoungGen      total 73216K, used 15721K [0x00000000d6180000, 0x00000000db280000, 0x0000000100000000)
  eden space 65024K, 11% used [0x00000000d6180000,0x00000000d6915fc8,0x00000000da100000)
  from space 8192K, 97% used [0x00000000da980000,0x00000000db144678,0x00000000db180000)
  to   space 8704K, 0% used [0x00000000da100000,0x00000000da100000,0x00000000da980000)
 ParOldGen       total 86016K, used 8891K [0x0000000082400000, 0x0000000087800000, 0x00000000d6180000)
  object space 86016K, 10% used [0x0000000082400000,0x0000000082caecc8,0x0000000087800000)
 Metaspace       used 19139K, capacity 19738K, committed 19840K, reserved 1067008K
  class space    used 2276K, capacity 2428K, committed 2432K, reserved 1048576K
GC Heap History (10 events):
Event: 1.247 GC heap before
{Heap before GC invocations=2 (full 0):
 PSYoungGen      total 37888K, used 37881K [0x00000000d6180000, 0x00000000d8b80000, 0x0000000100000000)
  eden space 32768K, 100% used [0x00000000d6180000,0x00000000d8180000,0x00000000d8180000)
  from space 5120K, 99% used [0x00000000d8180000,0x00000000d867e790,0x00000000d8680000)
  to   space 5120K, 0% used [0x00000000d8680000,0x00000000d8680000,0x00000000d8b80000)
 ParOldGen       total 86016K, used 559K [0x0000000082400000, 0x0000000087800000, 0x00000000d6180000)
  object space 86016K, 0% used [0x0000000082400000,0x000000008248be68,0x0000000087800000)
 Metaspace       used 12408K, capacity 12626K, committed 12928K, reserved 1060864K
  class space    used 1530K, capacity 1608K, committed 1664K, reserved 1048576K
Event: 1.253 GC heap after
Heap after GC invocations=2 (full 0):
 PSYoungGen      total 37888K, used 5097K [0x00000000d6180000, 0x00000000dab80000, 0x0000000100000000)
  eden space 32768K, 0% used [0x00000000d6180000,0x00000000d6180000,0x00000000d8180000)
  from space 5120K, 99% used [0x00000000d8680000,0x00000000d8b7a588,0x00000000d8b80000)
  to   space 5120K, 0% used [0x00000000d8180000,0x00000000d8180000,0x00000000d8680000)
 ParOldGen       total 86016K, used 2933K [0x0000000082400000, 0x0000000087800000, 0x00000000d6180000)
  object space 86016K, 3% used [0x0000000082400000,0x00000000826dd798,0x0000000087800000)
 Metaspace       used 12408K, capacity 12626K, committed 12928K, reserved 1060864K
  class space    used 1530K, capacity 1608K, committed 1664K, reserved 1048576K
}
Event: 2.575 GC heap before
{Heap before GC invocations=3 (full 0):
 PSYoungGen      total 37888K, used 37865K [0x00000000d6180000, 0x00000000dab80000, 0x0000000100000000)
  eden space 32768K, 100% used [0x00000000d6180000,0x00000000d8180000,0x00000000d8180000)
  from space 5120K, 99% used [0x00000000d8680000,0x00000000d8b7a588,0x00000000d8b80000)
  to   space 5120K, 0% used [0x00000000d8180000,0x00000000d8180000,0x00000000d8680000)
 ParOldGen       total 86016K, used 2933K [0x0000000082400000, 0x0000000087800000, 0x00000000d6180000)
  object space 86016K, 3% used [0x0000000082400000,0x00000000826dd798,0x0000000087800000)
 Metaspace       used 15684K, capacity 15894K, committed 16128K, reserved 1062912K
  class space    used 1893K, capacity 1978K, committed 2048K, reserved 1048576K
Event: 2.583 GC heap after
Heap after GC invocations=3 (full 0):
 PSYoungGen      total 37888K, used 5112K [0x00000000d6180000, 0x00000000d8b80000, 0x0000000100000000)
  eden space 32768K, 0% used [0x00000000d6180000,0x00000000d6180000,0x00000000d8180000)
  from space 5120K, 99% used [0x00000000d8180000,0x00000000d867e070,0x00000000d8680000)
  to   space 5120K, 0% used [0x00000000d8680000,0x00000000d8680000,0x00000000d8b80000)
 ParOldGen       total 86016K, used 5427K [0x0000000082400000, 0x0000000087800000, 0x00000000d6180000)
  object space 86016K, 6% used [0x0000000082400000,0x000000008294cfc0,0x0000000087800000)
 Metaspace       used 15684K, capacity 15894K, committed 16128K, reserved 1062912K
  class space    used 1893K, capacity 1978K, committed 2048K, reserved 1048576K
}
Event: 2.981 GC heap before
{Heap before GC invocations=4 (full 0):
 PSYoungGen      total 37888K, used 37880K [0x00000000d6180000, 0x00000000d8b80000, 0x0000000100000000)
  eden space 32768K, 100% used [0x00000000d6180000,0x00000000d8180000,0x00000000d8180000)
  from space 5120K, 99% used [0x00000000d8180000,0x00000000d867e070,0x00000000d8680000)
  to   space 5120K, 0% used [0x00000000d8680000,0x00000000d8680000,0x00000000d8b80000)
 ParOldGen       total 86016K, used 5427K [0x0000000082400000, 0x0000000087800000, 0x00000000d6180000)
  object space 86016K, 6% used [0x0000000082400000,0x000000008294cfc0,0x0000000087800000)
 Metaspace       used 16259K, capacity 16576K, committed 16896K, reserved 1064960K
  class space    used 1912K, capacity 2011K, committed 2048K, reserved 1048576K
Event: 2.987 GC heap after
Heap after GC invocations=4 (full 0):
 PSYoungGen      total 37888K, used 5112K [0x00000000d6180000, 0x00000000dab80000, 0x0000000100000000)
  eden space 32768K, 0% used [0x00000000d6180000,0x00000000d6180000,0x00000000d8180000)
  from space 5120K, 99% used [0x00000000d8680000,0x00000000d8b7e050,0x00000000d8b80000)
  to   space 5120K, 0% used [0x00000000d8180000,0x00000000d8180000,0x00000000d8680000)
 ParOldGen       total 86016K, used 6924K [0x0000000082400000, 0x0000000087800000, 0x00000000d6180000)
  object space 86016K, 8% used [0x0000000082400000,0x0000000082ac3208,0x0000000087800000)
 Metaspace       used 16259K, capacity 16576K, committed 16896K, reserved 1064960K
  class space    used 1912K, capacity 2011K, committed 2048K, reserved 1048576K
}
Event: 3.293 GC heap before
{Heap before GC invocations=5 (full 0):
 PSYoungGen      total 37888K, used 37880K [0x00000000d6180000, 0x00000000dab80000, 0x0000000100000000)
  eden space 32768K, 100% used [0x00000000d6180000,0x00000000d8180000,0x00000000d8180000)
  from space 5120K, 99% used [0x00000000d8680000,0x00000000d8b7e050,0x00000000d8b80000)
  to   space 5120K, 0% used [0x00000000d8180000,0x00000000d8180000,0x00000000d8680000)
 ParOldGen       total 86016K, used 6924K [0x0000000082400000, 0x0000000087800000, 0x00000000d6180000)
  object space 86016K, 8% used [0x0000000082400000,0x0000000082ac3208,0x0000000087800000)
 Metaspace       used 17052K, capacity 17496K, committed 17792K, reserved 1064960K
  class space    used 1986K, capacity 2083K, committed 2176K, reserved 1048576K
Event: 3.300 GC heap after
Heap after GC invocations=5 (full 0):
 PSYoungGen      total 37888K, used 5112K [0x00000000d6180000, 0x00000000db180000, 0x0000000100000000)
  eden space 32768K, 0% used [0x00000000d6180000,0x00000000d6180000,0x00000000d8180000)
  from space 5120K, 99% used [0x00000000d8180000,0x00000000d867e050,0x00000000d8680000)
  to   space 8192K, 0% used [0x00000000da980000,0x00000000da980000,0x00000000db180000)
 ParOldGen       total 86016K, used 8883K [0x0000000082400000, 0x0000000087800000, 0x00000000d6180000)
  object space 86016K, 10% used [0x0000000082400000,0x0000000082caccc8,0x0000000087800000)
 Metaspace       used 17052K, capacity 17496K, committed 17792K, reserved 1064960K
  class space    used 1986K, capacity 2083K, committed 2176K, reserved 1048576K
}
Event: 3.660 GC heap before
{Heap before GC invocations=6 (full 0):
 PSYoungGen      total 37888K, used 37880K [0x00000000d6180000, 0x00000000db180000, 0x0000000100000000)
  eden space 32768K, 100% used [0x00000000d6180000,0x00000000d8180000,0x00000000d8180000)
  from space 5120K, 99% used [0x00000000d8180000,0x00000000d867e050,0x00000000d8680000)
  to   space 8192K, 0% used [0x00000000da980000,0x00000000da980000,0x00000000db180000)
 ParOldGen       total 86016K, used 8883K [0x0000000082400000, 0x0000000087800000, 0x00000000d6180000)
  object space 86016K, 10% used [0x0000000082400000,0x0000000082caccc8,0x0000000087800000)
 Metaspace       used 19077K, capacity 19642K, committed 19840K, reserved 1067008K
  class space    used 2273K, capacity 2396K, committed 2432K, reserved 1048576K
Event: 3.670 GC heap after
Heap after GC invocations=6 (full 0):
 PSYoungGen      total 73216K, used 7953K [0x00000000d6180000, 0x00000000db280000, 0x0000000100000000)
  eden space 65024K, 0% used [0x00000000d6180000,0x00000000d6180000,0x00000000da100000)
  from space 8192K, 97% used [0x00000000da980000,0x00000000db144678,0x00000000db180000)
  to   space 8704K, 0% used [0x00000000da100000,0x00000000da100000,0x00000000da980000)
 ParOldGen       total 86016K, used 8891K [0x0000000082400000, 0x0000000087800000, 0x00000000d6180000)
  object space 86016K, 10% used [0x0000000082400000,0x0000000082caecc8,0x0000000087800000)
 Metaspace       used 19077K, capacity 19642K, committed 19840K, reserved 1067008K
  class space    used 2273K, capacity 2396K, committed 2432K, reserved 1048576K
}

